-------------------------------------------------------------------------------
Test set: calculatorTest
-------------------------------------------------------------------------------
Tests run: 1, Failures: 1, Errors: 0, Skipped: 0, Time elapsed: 0.046 s <<< FAILURE! - in calculatorTest
validation(calculatorTest)  Time elapsed: 0.007 s  <<< FAILURE!
java.lang.AssertionError: Checking Validation function expected:<true> but was:<false>
	at calculatorTest.validation(calculatorTest.java:27)

